<?xml version="1.0" encoding="UTF-8"?>
<coverage generated="1703971529">
  <project timestamp="1703971529">
    <file name="/app/src/AbstractVatNumberValidationRestService.php">
      <class name="rocketfellows\ViesVatValidationRest\AbstractVatNumberValidationRestService" namespace="global">
        <metrics complexity="7" methods="4" coveredmethods="4" conditionals="0" coveredconditionals="0" statements="29" coveredstatements="29" elements="33" coveredelements="33"/>
      </class>
      <line num="26" type="method" name="__construct" visibility="public" complexity="1" crap="1" count="402"/>
      <line num="31" type="stmt" count="402"/>
      <line num="32" type="stmt" count="402"/>
      <line num="33" type="stmt" count="402"/>
      <line num="38" type="method" name="validateVat" visibility="public" complexity="4" crap="4" count="399"/>
      <line num="41" type="stmt" count="399"/>
      <line num="42" type="stmt" count="399"/>
      <line num="43" type="stmt" count="399"/>
      <line num="45" type="stmt" count="141"/>
      <line num="46" type="stmt" count="78"/>
      <line num="49" type="stmt" count="63"/>
      <line num="50" type="stmt" count="375"/>
      <line num="51" type="stmt" count="252"/>
      <line num="52" type="stmt" count="252"/>
      <line num="53" type="stmt" count="252"/>
      <line num="54" type="stmt" count="123"/>
      <line num="55" type="stmt" count="6"/>
      <line num="56" type="stmt" count="6"/>
      <line num="57" type="stmt" count="6"/>
      <line num="58" type="stmt" count="6"/>
      <line num="59" type="stmt" count="6"/>
      <line num="63" type="method" name="getRequestParams" visibility="private" complexity="1" crap="1" count="399"/>
      <line num="65" type="stmt" count="399"/>
      <line num="66" type="stmt" count="399"/>
      <line num="67" type="stmt" count="399"/>
      <line num="68" type="stmt" count="399"/>
      <line num="69" type="stmt" count="399"/>
      <line num="70" type="stmt" count="399"/>
      <line num="73" type="method" name="getResponseErrorData" visibility="private" complexity="1" crap="1" count="330"/>
      <line num="75" type="stmt" count="330"/>
      <line num="76" type="stmt" count="330"/>
      <line num="77" type="stmt" count="330"/>
      <line num="78" type="stmt" count="330"/>
      <metrics loc="81" ncloc="81" classes="1" methods="4" coveredmethods="4" conditionals="0" coveredconditionals="0" statements="29" coveredstatements="29" elements="33" coveredelements="33"/>
    </file>
    <file name="/app/src/helpers/RequestFactory.php">
      <class name="rocketfellows\ViesVatValidationRest\helpers\RequestFactory" namespace="global">
        <metrics complexity="1" methods="1" coveredmethods="1" conditionals="0" coveredconditionals="0" statements="4" coveredstatements="4" elements="5" coveredelements="5"/>
      </class>
      <line num="12" type="method" name="getCheckVatNumberRequestData" visibility="public" complexity="1" crap="1" count="401"/>
      <line num="14" type="stmt" count="401"/>
      <line num="15" type="stmt" count="401"/>
      <line num="16" type="stmt" count="401"/>
      <line num="17" type="stmt" count="401"/>
      <metrics loc="20" ncloc="20" classes="1" methods="1" coveredmethods="1" conditionals="0" coveredconditionals="0" statements="4" coveredstatements="4" elements="5" coveredelements="5"/>
    </file>
    <file name="/app/src/helpers/ResponseErrorFactory.php">
      <class name="rocketfellows\ViesVatValidationRest\helpers\ResponseErrorFactory" namespace="global">
        <metrics complexity="12" methods="5" coveredmethods="5" conditionals="0" coveredconditionals="0" statements="18" coveredstatements="18" elements="23" coveredelements="23"/>
      </class>
      <line num="14" type="method" name="isResponseWithError" visibility="public" complexity="1" crap="1" count="146"/>
      <line num="16" type="stmt" count="146"/>
      <line num="19" type="method" name="getResponseErrorCode" visibility="public" complexity="2" crap="2" count="339"/>
      <line num="21" type="stmt" count="339"/>
      <line num="23" type="stmt" count="339"/>
      <line num="26" type="method" name="getResponseErrorMessage" visibility="public" complexity="2" crap="2" count="339"/>
      <line num="28" type="stmt" count="339"/>
      <line num="30" type="stmt" count="339"/>
      <line num="33" type="method" name="getResponseErrorData" visibility="private" complexity="4" crap="4" count="348"/>
      <line num="35" type="stmt" count="348"/>
      <line num="37" type="stmt" count="348"/>
      <line num="38" type="stmt" count="24"/>
      <line num="41" type="stmt" count="324"/>
      <line num="42" type="stmt" count="11"/>
      <line num="45" type="stmt" count="313"/>
      <line num="47" type="stmt" count="313"/>
      <line num="48" type="stmt" count="2"/>
      <line num="51" type="stmt" count="311"/>
      <line num="54" type="method" name="getResponseErrorWrappers" visibility="private" complexity="3" crap="3" count="348"/>
      <line num="56" type="stmt" count="348"/>
      <line num="58" type="stmt" count="348"/>
      <line num="59" type="stmt" count="22"/>
      <line num="62" type="stmt" count="326"/>
      <metrics loc="65" ncloc="65" classes="1" methods="5" coveredmethods="5" conditionals="0" coveredconditionals="0" statements="18" coveredstatements="18" elements="23" coveredelements="23"/>
    </file>
    <file name="/app/src/helpers/ResponseFactory.php">
      <class name="rocketfellows\ViesVatValidationRest\helpers\ResponseFactory" namespace="global">
        <metrics complexity="3" methods="2" coveredmethods="2" conditionals="0" coveredconditionals="0" statements="3" coveredstatements="3" elements="5" coveredelements="5"/>
      </class>
      <line num="10" type="method" name="isResponseDataEmpty" visibility="public" complexity="1" crap="1" count="2"/>
      <line num="12" type="stmt" count="2"/>
      <line num="15" type="method" name="getResponseData" visibility="public" complexity="2" crap="2" count="401"/>
      <line num="17" type="stmt" count="401"/>
      <line num="19" type="stmt" count="401"/>
      <metrics loc="22" ncloc="22" classes="1" methods="2" coveredmethods="2" conditionals="0" coveredconditionals="0" statements="3" coveredstatements="3" elements="5" coveredelements="5"/>
    </file>
    <file name="/app/src/services/VatNumberValidationRestExpansibleService.php">
      <class name="rocketfellows\ViesVatValidationRest\services\VatNumberValidationRestExpansibleService" namespace="global">
        <metrics complexity="2" methods="2" coveredmethods="2" conditionals="0" coveredconditionals="0" statements="3" coveredstatements="3" elements="5" coveredelements="5"/>
      </class>
      <line num="14" type="method" name="__construct" visibility="public" complexity="1" crap="1" count="134"/>
      <line num="20" type="stmt" count="134"/>
      <line num="22" type="stmt" count="134"/>
      <line num="25" type="method" name="getUrl" visibility="protected" complexity="1" crap="1" count="133"/>
      <line num="27" type="stmt" count="133"/>
      <metrics loc="30" ncloc="30" classes="1" methods="2" coveredmethods="2" conditionals="0" coveredconditionals="0" statements="3" coveredstatements="3" elements="5" coveredelements="5"/>
    </file>
    <file name="/app/src/services/VatNumberValidationRestService.php">
      <class name="rocketfellows\ViesVatValidationRest\services\VatNumberValidationRestService" namespace="global">
        <metrics complexity="1" methods="1" coveredmethods="1" conditionals="0" coveredconditionals="0" statements="1" coveredstatements="1" elements="2" coveredelements="2"/>
      </class>
      <line num="9" type="method" name="getUrl" visibility="protected" complexity="1" crap="1" count="133"/>
      <line num="11" type="stmt" count="133"/>
      <metrics loc="14" ncloc="14" classes="1" methods="1" coveredmethods="1" conditionals="0" coveredconditionals="0" statements="1" coveredstatements="1" elements="2" coveredelements="2"/>
    </file>
    <file name="/app/src/services/VatNumberValidationRestTestService.php">
      <class name="rocketfellows\ViesVatValidationRest\services\VatNumberValidationRestTestService" namespace="global">
        <metrics complexity="1" methods="1" coveredmethods="1" conditionals="0" coveredconditionals="0" statements="1" coveredstatements="1" elements="2" coveredelements="2"/>
      </class>
      <line num="9" type="method" name="getUrl" visibility="protected" complexity="1" crap="1" count="133"/>
      <line num="11" type="stmt" count="133"/>
      <metrics loc="14" ncloc="14" classes="1" methods="1" coveredmethods="1" conditionals="0" coveredconditionals="0" statements="1" coveredstatements="1" elements="2" coveredelements="2"/>
    </file>
    <metrics files="7" loc="246" ncloc="246" classes="7" methods="16" coveredmethods="16" conditionals="0" coveredconditionals="0" statements="59" coveredstatements="59" elements="75" coveredelements="75"/>
  </project>
</coverage>
