<?xml version="1.0" encoding="UTF-8"?>
<coverage generated="1703675354">
  <project timestamp="1703675354">
    <file name="/app/src/AbstractVatNumberValidationRestService.php">
      <class name="rocketfellows\ViesVatValidationRest\AbstractVatNumberValidationRestService" namespace="global">
        <metrics complexity="5" methods="2" coveredmethods="2" conditionals="0" coveredconditionals="0" statements="28" coveredstatements="28" elements="30" coveredelements="30"/>
      </class>
      <line num="23" type="method" name="__construct" visibility="public" complexity="1" crap="1" count="252"/>
      <line num="27" type="stmt" count="252"/>
      <line num="28" type="stmt" count="252"/>
      <line num="33" type="method" name="validateVat" visibility="public" complexity="4" crap="4" count="249"/>
      <line num="36" type="stmt" count="249"/>
      <line num="37" type="stmt" count="249"/>
      <line num="38" type="stmt" count="249"/>
      <line num="39" type="stmt" count="249"/>
      <line num="40" type="stmt" count="249"/>
      <line num="41" type="stmt" count="249"/>
      <line num="42" type="stmt" count="249"/>
      <line num="43" type="stmt" count="249"/>
      <line num="45" type="stmt" count="90"/>
      <line num="46" type="stmt" count="78"/>
      <line num="47" type="stmt" count="78"/>
      <line num="48" type="stmt" count="78"/>
      <line num="49" type="stmt" count="78"/>
      <line num="52" type="stmt" count="12"/>
      <line num="53" type="stmt" count="237"/>
      <line num="54" type="stmt" count="153"/>
      <line num="56" type="stmt" count="153"/>
      <line num="57" type="stmt" count="153"/>
      <line num="58" type="stmt" count="153"/>
      <line num="59" type="stmt" count="153"/>
      <line num="60" type="stmt" count="84"/>
      <line num="61" type="stmt" count="6"/>
      <line num="62" type="stmt" count="6"/>
      <line num="63" type="stmt" count="6"/>
      <line num="64" type="stmt" count="6"/>
      <line num="65" type="stmt" count="6"/>
      <metrics loc="69" ncloc="69" classes="1" methods="2" coveredmethods="2" conditionals="0" coveredconditionals="0" statements="28" coveredstatements="28" elements="30" coveredelements="30"/>
    </file>
    <file name="/app/src/helpers/RequestFactory.php">
      <class name="rocketfellows\ViesVatValidationRest\helpers\RequestFactory" namespace="global">
        <metrics complexity="1" methods="1" coveredmethods="1" conditionals="0" coveredconditionals="0" statements="4" coveredstatements="4" elements="5" coveredelements="5"/>
      </class>
      <line num="12" type="method" name="getCheckVatNumberRequestData" visibility="public" complexity="1" crap="1" count="251"/>
      <line num="14" type="stmt" count="251"/>
      <line num="15" type="stmt" count="251"/>
      <line num="16" type="stmt" count="251"/>
      <line num="17" type="stmt" count="251"/>
      <metrics loc="20" ncloc="20" classes="1" methods="1" coveredmethods="1" conditionals="0" coveredconditionals="0" statements="4" coveredstatements="4" elements="5" coveredelements="5"/>
    </file>
    <file name="/app/src/helpers/ResponseErrorFactory.php">
      <class name="rocketfellows\ViesVatValidationRest\helpers\ResponseErrorFactory" namespace="global">
        <metrics complexity="12" methods="5" coveredmethods="5" conditionals="0" coveredconditionals="0" statements="18" coveredstatements="18" elements="23" coveredelements="23"/>
      </class>
      <line num="14" type="method" name="isResponseWithError" visibility="public" complexity="1" crap="1" count="95"/>
      <line num="16" type="stmt" count="95"/>
      <line num="19" type="method" name="getResponseErrorCode" visibility="public" complexity="2" crap="2" count="240"/>
      <line num="21" type="stmt" count="240"/>
      <line num="23" type="stmt" count="240"/>
      <line num="26" type="method" name="getResponseErrorMessage" visibility="public" complexity="2" crap="2" count="240"/>
      <line num="28" type="stmt" count="240"/>
      <line num="30" type="stmt" count="240"/>
      <line num="33" type="method" name="getResponseErrorData" visibility="private" complexity="4" crap="4" count="249"/>
      <line num="35" type="stmt" count="249"/>
      <line num="37" type="stmt" count="249"/>
      <line num="38" type="stmt" count="24"/>
      <line num="41" type="stmt" count="225"/>
      <line num="42" type="stmt" count="11"/>
      <line num="45" type="stmt" count="214"/>
      <line num="47" type="stmt" count="214"/>
      <line num="48" type="stmt" count="2"/>
      <line num="51" type="stmt" count="212"/>
      <line num="54" type="method" name="getResponseErrorWrappers" visibility="private" complexity="3" crap="3" count="249"/>
      <line num="56" type="stmt" count="249"/>
      <line num="58" type="stmt" count="249"/>
      <line num="59" type="stmt" count="22"/>
      <line num="62" type="stmt" count="227"/>
      <metrics loc="65" ncloc="65" classes="1" methods="5" coveredmethods="5" conditionals="0" coveredconditionals="0" statements="18" coveredstatements="18" elements="23" coveredelements="23"/>
    </file>
    <file name="/app/src/helpers/ResponseFactory.php">
      <class name="rocketfellows\ViesVatValidationRest\helpers\ResponseFactory" namespace="global">
        <metrics complexity="4" methods="3" coveredmethods="3" conditionals="0" coveredconditionals="0" statements="13" coveredstatements="13" elements="16" coveredelements="16"/>
      </class>
      <line num="12" type="method" name="isResponseDataEmpty" visibility="public" complexity="1" crap="1" count="2"/>
      <line num="14" type="stmt" count="2"/>
      <line num="17" type="method" name="getResponseData" visibility="public" complexity="2" crap="2" count="251"/>
      <line num="19" type="stmt" count="251"/>
      <line num="21" type="stmt" count="251"/>
      <line num="24" type="method" name="getVatNumberValidationResult" visibility="public" complexity="1" crap="1" count="16"/>
      <line num="26" type="stmt" count="16"/>
      <line num="27" type="stmt" count="16"/>
      <line num="28" type="stmt" count="16"/>
      <line num="29" type="stmt" count="16"/>
      <line num="30" type="stmt" count="16"/>
      <line num="31" type="stmt" count="16"/>
      <line num="32" type="stmt" count="16"/>
      <line num="33" type="stmt" count="16"/>
      <line num="34" type="stmt" count="16"/>
      <line num="35" type="stmt" count="16"/>
      <metrics loc="38" ncloc="38" classes="1" methods="3" coveredmethods="3" conditionals="0" coveredconditionals="0" statements="13" coveredstatements="13" elements="16" coveredelements="16"/>
    </file>
    <file name="/app/src/services/VatNumberValidationRestExpansibleService.php">
      <class name="rocketfellows\ViesVatValidationRest\services\VatNumberValidationRestExpansibleService" namespace="global">
        <metrics complexity="2" methods="2" coveredmethods="2" conditionals="0" coveredconditionals="0" statements="3" coveredstatements="3" elements="5" coveredelements="5"/>
      </class>
      <line num="13" type="method" name="__construct" visibility="public" complexity="1" crap="1" count="84"/>
      <line num="18" type="stmt" count="84"/>
      <line num="20" type="stmt" count="84"/>
      <line num="23" type="method" name="getUrl" visibility="protected" complexity="1" crap="1" count="83"/>
      <line num="25" type="stmt" count="83"/>
      <metrics loc="28" ncloc="28" classes="1" methods="2" coveredmethods="2" conditionals="0" coveredconditionals="0" statements="3" coveredstatements="3" elements="5" coveredelements="5"/>
    </file>
    <file name="/app/src/services/VatNumberValidationRestService.php">
      <class name="rocketfellows\ViesVatValidationRest\services\VatNumberValidationRestService" namespace="global">
        <metrics complexity="1" methods="1" coveredmethods="1" conditionals="0" coveredconditionals="0" statements="1" coveredstatements="1" elements="2" coveredelements="2"/>
      </class>
      <line num="9" type="method" name="getUrl" visibility="protected" complexity="1" crap="1" count="83"/>
      <line num="11" type="stmt" count="83"/>
      <metrics loc="14" ncloc="14" classes="1" methods="1" coveredmethods="1" conditionals="0" coveredconditionals="0" statements="1" coveredstatements="1" elements="2" coveredelements="2"/>
    </file>
    <file name="/app/src/services/VatNumberValidationRestTestService.php">
      <class name="rocketfellows\ViesVatValidationRest\services\VatNumberValidationRestTestService" namespace="global">
        <metrics complexity="1" methods="1" coveredmethods="1" conditionals="0" coveredconditionals="0" statements="1" coveredstatements="1" elements="2" coveredelements="2"/>
      </class>
      <line num="9" type="method" name="getUrl" visibility="protected" complexity="1" crap="1" count="83"/>
      <line num="11" type="stmt" count="83"/>
      <metrics loc="14" ncloc="14" classes="1" methods="1" coveredmethods="1" conditionals="0" coveredconditionals="0" statements="1" coveredstatements="1" elements="2" coveredelements="2"/>
    </file>
    <metrics files="7" loc="248" ncloc="248" classes="7" methods="15" coveredmethods="15" conditionals="0" coveredconditionals="0" statements="68" coveredstatements="68" elements="83" coveredelements="83"/>
  </project>
</coverage>
